IQ-TREE 2.1.2 COVID-edition built Mar 30 2021

Input file name: SpeciesTreeAlignment.Result.pep.20230821180346.fa
Type of analysis: ModelFinder + tree reconstruction
Random seed number: 480562

REFERENCES
----------

To cite IQ-TREE please use:

Bui Quang Minh, Heiko A. Schmidt, Olga Chernomor, Dominik Schrempf,
Michael D. Woodhams, Arndt von Haeseler, and Robert Lanfear (2020)
IQ-TREE 2: New models and efficient methods for phylogenetic inference
in the genomic era. Mol. Biol. Evol., in press.
https://doi.org/10.1093/molbev/msaa015

To cite ModelFinder please use: 

Subha Kalyaanamoorthy, Bui Quang Minh, Thomas KF Wong, Arndt von Haeseler,
and Lars S Jermiin (2017) ModelFinder: Fast model selection for
accurate phylogenetic estimates. Nature Methods, 14:587–589.
https://doi.org/10.1038/nmeth.4285

SEQUENCE ALIGNMENT
------------------

Input data: 11 sequences with 323202 amino-acid sites
Number of constant sites: 124976 (= 38.6681% of all sites)
Number of invariant (constant or ambiguous constant) sites: 124976 (= 38.6681% of all sites)
Number of parsimony informative sites: 90916
Number of distinct site patterns: 178565

ModelFinder
-----------

Best-fit model according to BIC: JTT+F+R4

List of models sorted by BIC scores: 

Model                  LogL         AIC      w-AIC        AICc     w-AICc         BIC      w-BIC
JTT+F+R4        -3391650.347 6783388.694 +        1 6783388.706 +        1 6783858.879 +        1
JTTDCMut+F+R4   -3392365.926 6784819.852 - 1.69e-311 6784819.864 - 1.69e-311 6785290.037 - 1.69e-311
JTT+R4          -3399313.324 6798676.648 -        0 6798676.652 -        0 6798943.799 -        0
JTTDCMut+R4     -3400201.800 6800453.600 -        0 6800453.604 -        0 6800720.751 -        0
HIVb+F+R4       -3408059.626 6816207.252 -        0 6816207.264 -        0 6816677.437 -        0
cpREV+F+R4      -3421600.907 6843289.814 -        0 6843289.826 -        0 6843759.999 -        0
WAG+F+R4        -3421982.186 6844052.372 -        0 6844052.384 -        0 6844522.557 -        0
FLU+F+R4        -3425581.636 6851251.272 -        0 6851251.284 -        0 6851721.457 -        0
LG+F+R4         -3427486.562 6855061.124 -        0 6855061.136 -        0 6855531.309 -        0
VT+F+R4         -3428597.255 6857282.510 -        0 6857282.522 -        0 6857752.695 -        0
cpREV+R4        -3431184.380 6862418.760 -        0 6862418.764 -        0 6862685.911 -        0
WAG+R4          -3432881.434 6865812.868 -        0 6865812.872 -        0 6866080.019 -        0
HIVb+R4         -3434078.217 6868206.434 -        0 6868206.438 -        0 6868473.585 -        0
VT+R4           -3434661.587 6869373.174 -        0 6869373.178 -        0 6869640.325 -        0
mtREV+F+R4      -3435850.713 6871789.426 -        0 6871789.438 -        0 6872259.611 -        0
LG+R4           -3436818.504 6873687.008 -        0 6873687.012 -        0 6873954.159 -        0
LG+R5           -3436813.996 6873681.992 -        0 6873681.997 -        0 6873970.515 -        0
LG+R3           -3437279.800 6874605.600 -        0 6874605.603 -        0 6874851.379 -        0
LG+I+G4         -3438226.079 6876494.158 -        0 6876494.161 -        0 6876718.565 -        0
LG+G4           -3438691.417 6877422.834 -        0 6877422.837 -        0 6877636.555 -        0
Dayhoff+F+R4    -3438978.859 6878045.718 -        0 6878045.730 -        0 6878515.903 -        0
DCMut+F+R4      -3439123.701 6878335.402 -        0 6878335.414 -        0 6878805.587 -        0
FLU+R4          -3443465.533 6886981.066 -        0 6886981.070 -        0 6887248.217 -        0
LG+R2           -3443879.701 6887801.402 -        0 6887801.405 -        0 6888025.809 -        0
rtREV+F+R4      -3453999.389 6908086.778 -        0 6908086.790 -        0 6908556.963 -        0
mtZOA+F+R4      -3456814.930 6913717.860 -        0 6913717.872 -        0 6914188.045 -        0
Dayhoff+R4      -3458472.348 6916994.696 -        0 6916994.700 -        0 6917261.847 -        0
DCMut+R4        -3458645.958 6917341.916 -        0 6917341.920 -        0 6917609.067 -        0
HIVw+F+R4       -3459936.068 6919960.136 -        0 6919960.148 -        0 6920430.321 -        0
mtMAM+F+R4      -3461335.198 6922758.396 -        0 6922758.408 -        0 6923228.581 -        0
PMB+F+R4        -3466840.821 6933769.642 -        0 6933769.654 -        0 6934239.827 -        0
LG+I            -3470228.013 6940496.026 -        0 6940496.029 -        0 6940709.747 -        0
Blosum62+F+R4   -3472591.499 6945270.998 -        0 6945271.010 -        0 6945741.183 -        0
PMB+R4          -3472911.902 6945873.804 -        0 6945873.808 -        0 6946140.955 -        0
Blosum62+R4     -3479922.133 6959894.266 -        0 6959894.270 -        0 6960161.417 -        0
rtREV+R4        -3486747.489 6973544.978 -        0 6973544.982 -        0 6973812.129 -        0
mtART+F+R4      -3494541.865 6989171.730 -        0 6989171.742 -        0 6989641.915 -        0
HIVw+R4         -3518512.424 7037074.848 -        0 7037074.852 -        0 7037341.999 -        0
LG              -3553216.857 7106471.714 -        0 7106471.716 -        0 7106674.749 -        0
mtZOA+R4        -3553968.406 7107986.812 -        0 7107986.816 -        0 7108253.963 -        0
mtREV+R4        -3571179.593 7142409.186 -        0 7142409.190 -        0 7142676.337 -        0
mtMAM+R4        -3598859.985 7197769.970 -        0 7197769.974 -        0 7198037.121 -        0
mtART+R4        -3618530.960 7237111.920 -        0 7237111.924 -        0 7237379.071 -        0

AIC, w-AIC   : Akaike information criterion scores and weights.
AICc, w-AICc : Corrected AIC scores and weights.
BIC, w-BIC   : Bayesian information criterion scores and weights.

Plus signs denote the 95% confidence sets.
Minus signs denote significant exclusion.

SUBSTITUTION PROCESS
--------------------

Model of substitution: JTT+F+R4

State frequencies: (empirical counts from alignment)

  pi(A) = 0.0675
  pi(R) = 0.0527
  pi(N) = 0.0429
  pi(D) = 0.0531
  pi(C) = 0.0204
  pi(Q) = 0.0352
  pi(E) = 0.0650
  pi(G) = 0.0622
  pi(H) = 0.0247
  pi(I) = 0.0566
  pi(L) = 0.1050
  pi(K) = 0.0600
  pi(M) = 0.0248
  pi(F) = 0.0432
  pi(P) = 0.0436
  pi(S) = 0.0874
  pi(T) = 0.0475
  pi(W) = 0.0127
  pi(Y) = 0.0287
  pi(V) = 0.0668

Model of rate heterogeneity: FreeRate with 4 categories
Site proportion and rates:  (0.3359,0.0648) (0.3415,0.6287) (0.2786,1.9632) (0.0440,4.9173)

 Category  Relative_rate  Proportion
  1         0.0648         0.3359
  2         0.6287         0.3415
  3         1.9632         0.2786
  4         4.9173         0.0440

TREE USED FOR ModelFinder
-------------------------

Log-likelihood of the tree: -3391650.2102 (s.e. 3914.1444)
Unconstrained log-likelihood (without tree): -3440495.0784
Number of free parameters (#branches + #model parameters): 44
Akaike information criterion (AIC) score: 6783388.4203
Corrected Akaike information criterion (AICc) score: 6783388.4326
Bayesian information criterion (BIC) score: 6783858.6058

Total tree length (sum of branch lengths): 2.7762
Sum of internal branch lengths: 0.3421 (12.3210% of tree length)

NOTE: Tree is UNROOTED although outgroup taxon '0' is drawn at root

+-----------------------------------------------------------0
|
|                         +-------------1
|                      +--|
|                      |  +-----------------4
|                   +--|
|                   |  |  +------------------8
|                   |  +--|
|                   |     +--------------10
|          +--------|
|          |        |          +---------------3
|          |        +----------|
|          |                   +--------------------5
|  +-------|
|  |       +--------------------------------------6
+--|
|  |  +-------------------------------2
|  +--|
|     +-----------------------7
|
+--------------------------9

Tree in newick format:

(0:0.5044446026,(((((1:0.1223022790,4:0.1530704719):0.0132711731,(8:0.1664061205,10:0.1272764834):0.0101728067):0.0157338294,(3:0.1358893801,5:0.1820991516):0.0969900060):0.0835339747,6:0.3308890735):0.0692518190,(2:0.2753252614,7:0.2053902262):0.0204154431):0.0326842791,9:0.2310242084);

TIME STAMP
----------

Date and time: Tue Aug 22 10:35:31 2023
Total CPU time used: 86.166727 seconds (0h:1m:26s)
Total wall-clock time used: 1.8820998 seconds (0h:0m:1s)

